<?xml version="1.0" encoding="UTF-8"?>
<testng-results skipped="0" failed="0" ignored="0" total="0" passed="0">
  <reporter-output>
  </reporter-output>
  <suite name="Surefire suite" duration-ms="2904" started-at="2020-09-14T19:09:20 BST" finished-at="2020-09-14T19:09:23 BST">
    <groups>
    </groups>
    <test name="Surefire test" duration-ms="2904" started-at="2020-09-14T19:09:20 BST" finished-at="2020-09-14T19:09:23 BST">
    </test> <!-- Surefire test -->
  </suite> <!-- Surefire suite -->
</testng-results>
